[debug] [2021-11-05T04:38:21.376Z] ----------------------------------------------------------------------
[debug] [2021-11-05T04:38:21.377Z] Command:       /usr/local/bin/node /usr/local/bin/firebase init
[debug] [2021-11-05T04:38:21.378Z] CLI Version:   9.22.0
[debug] [2021-11-05T04:38:21.378Z] Platform:      darwin
[debug] [2021-11-05T04:38:21.378Z] Node Version:  v14.18.0
[debug] [2021-11-05T04:38:21.379Z] Time:          Fri Nov 05 2021 13:38:21 GMT+0900 (대한민국 표준시)
[debug] [2021-11-05T04:38:21.379Z] ----------------------------------------------------------------------
[debug] 
[debug] [2021-11-05T04:38:21.383Z] >>> [apiv2][query] GET https://firebase-public.firebaseio.com/cli.json [none]
[debug] [2021-11-05T04:38:21.403Z] > command requires scopes: ["email","openid","https://www.googleapis.com/auth/cloudplatformprojects.readonly","https://www.googleapis.com/auth/firebase","https://www.googleapis.com/auth/cloud-platform"]
[debug] [2021-11-05T04:38:21.404Z] > authorizing via signed-in user (ros28081@gmail.com)
[info] 
     ######## #### ########  ######## ########     ###     ######  ########
     ##        ##  ##     ## ##       ##     ##  ##   ##  ##       ##
     ######    ##  ########  ######   ########  #########  ######  ######
     ##        ##  ##    ##  ##       ##     ## ##     ##       ## ##
     ##       #### ##     ## ######## ########  ##     ##  ######  ########

You're about to initialize a Firebase project in this directory:

  /Users/user/Documents/sopt_repository/Junghyun-Park/3rd-seminar/crud

[debug] [2021-11-05T04:38:21.985Z] <<< [apiv2][status] GET https://firebase-public.firebaseio.com/cli.json 200
[debug] [2021-11-05T04:38:21.986Z] <<< [apiv2][body] GET https://firebase-public.firebaseio.com/cli.json {"cloudBuildErrorAfter":1594252800000,"cloudBuildWarnAfter":1590019200000,"defaultNode10After":1594252800000,"minVersion":"3.0.5","node8DeploysDisabledAfter":1613390400000,"node8RuntimeDisabledAfter":1615809600000,"node8WarnAfter":1600128000000}
